2023-05-13 00:09:26.494 INFO  [restartedMain] [com.pjy.dashboard.PjyApplication] - Starting PjyApplication on DESKTOP-3O1I9JM with PID 18036 (C:\BUS\multimodule-parent\dashboard\target\classes started by admin in C:\BUS\multimodule-parent\dashboard)
2023-05-13 00:09:26.498 INFO  [restartedMain] [com.pjy.dashboard.PjyApplication] - No active profile set, falling back to default profiles: default
2023-05-13 00:09:26.544 INFO  [restartedMain] [o.s.b.d.e.DevToolsPropertyDefaultsPostProcessor] - Devtools property defaults active! Set 'spring.devtools.add-properties' to 'false' to disable
2023-05-13 00:09:26.544 INFO  [restartedMain] [o.s.b.d.e.DevToolsPropertyDefaultsPostProcessor] - For additional web related logging consider setting the 'logging.level.web' property to 'DEBUG'
2023-05-13 00:09:27.362 INFO  [restartedMain] [o.s.d.r.c.RepositoryConfigurationDelegate] - Multiple Spring Data modules found, entering strict repository configuration mode!
2023-05-13 00:09:27.362 INFO  [restartedMain] [o.s.d.r.c.RepositoryConfigurationDelegate] - Bootstrapping Spring Data JPA repositories in DEFAULT mode.
2023-05-13 00:09:27.409 INFO  [restartedMain] [o.s.d.r.c.RepositoryConfigurationDelegate] - Finished Spring Data repository scanning in 41ms. Found 2 JPA repository interfaces.
2023-05-13 00:09:27.666 INFO  [restartedMain] [o.s.d.r.c.RepositoryConfigurationDelegate] - Multiple Spring Data modules found, entering strict repository configuration mode!
2023-05-13 00:09:27.666 INFO  [restartedMain] [o.s.d.r.c.RepositoryConfigurationDelegate] - Bootstrapping Spring Data JDBC repositories in DEFAULT mode.
2023-05-13 00:09:27.702 INFO  [restartedMain] [o.s.d.r.c.RepositoryConfigurationExtensionSupport] - Spring Data JDBC - Could not safely identify store assignment for repository candidate interface com.pjy.dashboard.core.dao.jpa.h2.MemberRepository. If you want this repository to be a JDBC repository, consider annotating your entities with one of these annotations: org.springframework.data.relational.core.mapping.Table.
2023-05-13 00:09:27.704 INFO  [restartedMain] [o.s.d.r.c.RepositoryConfigurationExtensionSupport] - Spring Data JDBC - Could not safely identify store assignment for repository candidate interface com.pjy.dashboard.core.dao.jpa.h2.RememberMeRepository. If you want this repository to be a JDBC repository, consider annotating your entities with one of these annotations: org.springframework.data.relational.core.mapping.Table.
2023-05-13 00:09:27.704 INFO  [restartedMain] [o.s.d.r.c.RepositoryConfigurationDelegate] - Finished Spring Data repository scanning in 38ms. Found 0 JDBC repository interfaces.
2023-05-13 00:09:28.013 INFO  [restartedMain] [c.u.j.c.EnableEncryptablePropertiesBeanFactoryPostProcessor] - Post-processing PropertySource instances
2023-05-13 00:09:28.060 INFO  [restartedMain] [c.u.j.EncryptablePropertySourceConverter] - Converting PropertySource configurationProperties [org.springframework.boot.context.properties.source.ConfigurationPropertySourcesPropertySource] to AOP Proxy
2023-05-13 00:09:28.060 INFO  [restartedMain] [c.u.j.EncryptablePropertySourceConverter] - Converting PropertySource commandLineArgs [org.springframework.core.env.SimpleCommandLinePropertySource] to EncryptableEnumerablePropertySourceWrapper
2023-05-13 00:09:28.060 INFO  [restartedMain] [c.u.j.EncryptablePropertySourceConverter] - Converting PropertySource servletConfigInitParams [org.springframework.core.env.PropertySource$StubPropertySource] to EncryptablePropertySourceWrapper
2023-05-13 00:09:28.060 INFO  [restartedMain] [c.u.j.EncryptablePropertySourceConverter] - Converting PropertySource servletContextInitParams [org.springframework.core.env.PropertySource$StubPropertySource] to EncryptablePropertySourceWrapper
2023-05-13 00:09:28.060 INFO  [restartedMain] [c.u.j.EncryptablePropertySourceConverter] - Converting PropertySource systemProperties [org.springframework.core.env.PropertiesPropertySource] to EncryptableMapPropertySourceWrapper
2023-05-13 00:09:28.060 INFO  [restartedMain] [c.u.j.EncryptablePropertySourceConverter] - Converting PropertySource systemEnvironment [org.springframework.boot.env.SystemEnvironmentPropertySourceEnvironmentPostProcessor$OriginAwareSystemEnvironmentPropertySource] to EncryptableSystemEnvironmentPropertySourceWrapper
2023-05-13 00:09:28.061 INFO  [restartedMain] [c.u.j.EncryptablePropertySourceConverter] - Converting PropertySource random [org.springframework.boot.env.RandomValuePropertySource] to EncryptablePropertySourceWrapper
2023-05-13 00:09:28.061 INFO  [restartedMain] [c.u.j.EncryptablePropertySourceConverter] - Converting PropertySource applicationConfig: [classpath:/application.properties] [org.springframework.boot.env.OriginTrackedMapPropertySource] to EncryptableMapPropertySourceWrapper
2023-05-13 00:09:28.061 INFO  [restartedMain] [c.u.j.EncryptablePropertySourceConverter] - Converting PropertySource devtools [org.springframework.core.env.MapPropertySource] to EncryptableMapPropertySourceWrapper
2023-05-13 00:09:28.061 INFO  [restartedMain] [c.u.j.EncryptablePropertySourceConverter] - Converting PropertySource class path resource [pjy.properties] [org.springframework.core.env.CompositePropertySource] to EncryptableEnumerablePropertySourceWrapper
2023-05-13 00:09:28.061 INFO  [restartedMain] [c.u.j.EncryptablePropertySourceConverter] - Converting PropertySource class path resource [common.properties] [org.springframework.core.io.support.ResourcePropertySource] to EncryptableMapPropertySourceWrapper
2023-05-13 00:09:28.112 INFO  [restartedMain] [o.s.c.s.PostProcessorRegistrationDelegate$BeanPostProcessorChecker] - Bean 'asyncConfiguration' of type [com.pjy.dashboard.configuration.AsyncConfiguration$$EnhancerBySpringCGLIB$$f1818c4d] is not eligible for getting processed by all BeanPostProcessors (for example: not eligible for auto-proxying)
2023-05-13 00:09:28.148 INFO  [restartedMain] [c.u.j.filter.DefaultLazyPropertyFilter] - Property Filter custom Bean not found with name 'encryptablePropertyFilter'. Initializing Default Property Filter
2023-05-13 00:09:28.209 INFO  [restartedMain] [o.s.c.s.PostProcessorRegistrationDelegate$BeanPostProcessorChecker] - Bean 'org.springframework.security.config.annotation.configuration.ObjectPostProcessorConfiguration' of type [org.springframework.security.config.annotation.configuration.ObjectPostProcessorConfiguration$$EnhancerBySpringCGLIB$$db77f07a] is not eligible for getting processed by all BeanPostProcessors (for example: not eligible for auto-proxying)
2023-05-13 00:09:28.269 INFO  [restartedMain] [o.s.c.s.PostProcessorRegistrationDelegate$BeanPostProcessorChecker] - Bean 'objectPostProcessor' of type [org.springframework.security.config.annotation.configuration.AutowireBeanFactoryObjectPostProcessor] is not eligible for getting processed by all BeanPostProcessors (for example: not eligible for auto-proxying)
2023-05-13 00:09:28.270 INFO  [restartedMain] [o.s.c.s.PostProcessorRegistrationDelegate$BeanPostProcessorChecker] - Bean 'org.springframework.security.access.expression.method.DefaultMethodSecurityExpressionHandler@5e44296e' of type [org.springframework.security.access.expression.method.DefaultMethodSecurityExpressionHandler] is not eligible for getting processed by all BeanPostProcessors (for example: not eligible for auto-proxying)
2023-05-13 00:09:28.273 INFO  [restartedMain] [o.s.c.s.PostProcessorRegistrationDelegate$BeanPostProcessorChecker] - Bean 'org.springframework.security.config.annotation.method.configuration.GlobalMethodSecurityConfiguration' of type [org.springframework.security.config.annotation.method.configuration.GlobalMethodSecurityConfiguration$$EnhancerBySpringCGLIB$$4c932c] is not eligible for getting processed by all BeanPostProcessors (for example: not eligible for auto-proxying)
2023-05-13 00:09:28.277 INFO  [restartedMain] [o.s.c.s.PostProcessorRegistrationDelegate$BeanPostProcessorChecker] - Bean 'methodSecurityMetadataSource' of type [org.springframework.security.access.method.DelegatingMethodSecurityMetadataSource] is not eligible for getting processed by all BeanPostProcessors (for example: not eligible for auto-proxying)
2023-05-13 00:09:28.291 INFO  [restartedMain] [o.s.c.s.PostProcessorRegistrationDelegate$BeanPostProcessorChecker] - Bean 'org.springframework.transaction.annotation.ProxyTransactionManagementConfiguration' of type [org.springframework.transaction.annotation.ProxyTransactionManagementConfiguration$$EnhancerBySpringCGLIB$$42ca2840] is not eligible for getting processed by all BeanPostProcessors (for example: not eligible for auto-proxying)
2023-05-13 00:09:28.310 INFO  [restartedMain] [o.s.c.s.PostProcessorRegistrationDelegate$BeanPostProcessorChecker] - Bean 'org.springframework.hateoas.config.HateoasConfiguration' of type [org.springframework.hateoas.config.HateoasConfiguration$$EnhancerBySpringCGLIB$$c24a7572] is not eligible for getting processed by all BeanPostProcessors (for example: not eligible for auto-proxying)
2023-05-13 00:09:28.399 INFO  [restartedMain] [c.u.j.r.DefaultLazyPropertyResolver] - Property Resolver custom Bean not found with name 'encryptablePropertyResolver'. Initializing Default Property Resolver
2023-05-13 00:09:28.401 INFO  [restartedMain] [c.u.j.d.DefaultLazyPropertyDetector] - Property Detector custom Bean not found with name 'encryptablePropertyDetector'. Initializing Default Property Detector
2023-05-13 00:09:28.684 INFO  [restartedMain] [o.s.b.w.embedded.tomcat.TomcatWebServer] - Tomcat initialized with port(s): 10010 (http)
2023-05-13 00:09:28.697 INFO  [restartedMain] [o.apache.coyote.http11.Http11NioProtocol] - Initializing ProtocolHandler ["http-nio-10010"]
2023-05-13 00:09:28.704 INFO  [restartedMain] [org.apache.catalina.core.StandardService] - Starting service [Tomcat]
2023-05-13 00:09:28.705 INFO  [restartedMain] [org.apache.catalina.core.StandardEngine] - Starting Servlet engine: [Apache Tomcat/9.0.29]
2023-05-13 00:09:28.925 INFO  [restartedMain] [org.apache.jasper.servlet.TldScanner] - At least one JAR was scanned for TLDs yet contained no TLDs. Enable debug logging for this logger for a complete list of JARs that were scanned but no TLDs were found in them. Skipping unneeded JARs during scanning can improve startup time and JSP compilation time.
2023-05-13 00:09:28.932 INFO  [restartedMain] [o.a.c.c.C.[Tomcat].[localhost].[/]] - Initializing Spring embedded WebApplicationContext
2023-05-13 00:09:28.933 INFO  [restartedMain] [o.s.web.context.ContextLoader] - Root WebApplicationContext: initialization completed in 2389 ms
2023-05-13 00:09:29.466 INFO  [restartedMain] [c.u.j.encryptor.DefaultLazyEncryptor] - Found Custom Encryptor Bean org.jasypt.encryption.pbe.PooledPBEStringEncryptor@cc1d7cf with name: jasyptStringEncryptor
2023-05-13 00:09:29.497 INFO  [restartedMain] [com.zaxxer.hikari.HikariDataSource] - H2 - Starting...
2023-05-13 00:09:29.564 INFO  [restartedMain] [com.zaxxer.hikari.HikariDataSource] - H2 - Start completed.
2023-05-13 00:09:30.084 INFO  [restartedMain] [com.pjy.dashboard.filter.TestFilter] - init Pjy Filter
2023-05-13 00:09:30.521 INFO  [restartedMain] [o.hibernate.jpa.internal.util.LogHelper] - HHH000204: Processing PersistenceUnitInfo [
	name: default
	...]
2023-05-13 00:09:30.576 INFO  [restartedMain] [org.hibernate.Version] - HHH000412: Hibernate Core {5.3.14.Final}
2023-05-13 00:09:30.578 INFO  [restartedMain] [org.hibernate.cfg.Environment] - HHH000206: hibernate.properties not found
2023-05-13 00:09:30.696 INFO  [restartedMain] [org.hibernate.annotations.common.Version] - HCANN000001: Hibernate Commons Annotations {5.0.4.Final}
2023-05-13 00:09:30.886 INFO  [restartedMain] [org.hibernate.dialect.Dialect] - HHH000400: Using dialect: org.hibernate.dialect.H2Dialect
2023-05-13 00:09:31.424 INFO  [restartedMain] [o.s.o.j.LocalContainerEntityManagerFactoryBean] - Initialized JPA EntityManagerFactory for persistence unit 'default'
2023-05-13 00:09:31.622 INFO  [restartedMain] [o.h.h.i.QueryTranslatorFactoryInitiator] - HHH000397: Using ASTQueryTranslatorFactory
2023-05-13 00:09:31.808 INFO  [restartedMain] [o.s.s.concurrent.ThreadPoolTaskExecutor] - Initializing ExecutorService 'clientInboundChannelExecutor'
2023-05-13 00:09:31.818 INFO  [restartedMain] [o.s.s.concurrent.ThreadPoolTaskExecutor] - Initializing ExecutorService 'clientOutboundChannelExecutor'
2023-05-13 00:09:32.316 INFO  [restartedMain] [o.s.s.concurrent.ThreadPoolTaskExecutor] - Initializing ExecutorService
2023-05-13 00:09:32.317 INFO  [restartedMain] [o.s.s.concurrent.ThreadPoolTaskExecutor] - Initializing ExecutorService 'asyncThreadPool'
2023-05-13 00:09:32.437 INFO  [restartedMain] [o.s.s.web.DefaultSecurityFilterChain] - Creating filter chain: Ant [pattern='/css/**'], []
2023-05-13 00:09:32.437 INFO  [restartedMain] [o.s.s.web.DefaultSecurityFilterChain] - Creating filter chain: Ant [pattern='/js/**'], []
2023-05-13 00:09:32.437 INFO  [restartedMain] [o.s.s.web.DefaultSecurityFilterChain] - Creating filter chain: Ant [pattern='/img/**'], []
2023-05-13 00:09:32.437 INFO  [restartedMain] [o.s.s.web.DefaultSecurityFilterChain] - Creating filter chain: Ant [pattern='/lib/**'], []
2023-05-13 00:09:32.437 INFO  [restartedMain] [o.s.s.web.DefaultSecurityFilterChain] - Creating filter chain: Ant [pattern='/main.css'], []
2023-05-13 00:09:32.549 INFO  [restartedMain] [o.s.s.web.DefaultSecurityFilterChain] - Creating filter chain: any request, [org.springframework.security.web.context.request.async.WebAsyncManagerIntegrationFilter@5d25dcdc, org.springframework.security.web.context.SecurityContextPersistenceFilter@4dc72825, org.springframework.security.web.header.HeaderWriterFilter@1400e865, org.springframework.web.filter.CorsFilter@6145fa84, org.springframework.security.web.authentication.logout.LogoutFilter@1f4c44b1, org.springframework.security.web.authentication.UsernamePasswordAuthenticationFilter@5fc93d85, org.springframework.security.web.session.ConcurrentSessionFilter@1fcf1f5d, org.springframework.security.web.authentication.www.BasicAuthenticationFilter@85d1633, org.springframework.security.web.savedrequest.RequestCacheAwareFilter@44b5f4ad, org.springframework.security.web.servletapi.SecurityContextHolderAwareRequestFilter@7fb83aa6, org.springframework.security.web.authentication.AnonymousAuthenticationFilter@47b24b49, org.springframework.security.web.session.SessionManagementFilter@50335185, org.springframework.security.web.access.ExceptionTranslationFilter@64a5cfdb, org.springframework.security.web.access.intercept.FilterSecurityInterceptor@747cd6df]
2023-05-13 00:09:32.559 INFO  [restartedMain] [o.s.aop.framework.CglibAopProxy] - Unable to proxy interface-implementing method [public final void org.springframework.web.filter.GenericFilterBean.init(javax.servlet.FilterConfig) throws javax.servlet.ServletException] because it is marked as final: Consider using interface-based JDK proxies instead!
2023-05-13 00:09:32.590 INFO  [restartedMain] [o.s.s.concurrent.ThreadPoolTaskScheduler] - Initializing ExecutorService 'messageBrokerTaskScheduler'
2023-05-13 00:09:32.633 INFO  [restartedMain] [o.s.s.concurrent.ThreadPoolTaskExecutor] - Initializing ExecutorService 'brokerChannelExecutor'
2023-05-13 00:09:32.905 WARN  [restartedMain] [o.s.b.a.o.j.JpaBaseConfiguration$JpaWebConfiguration$JpaWebMvcConfiguration] - spring.jpa.open-in-view is enabled by default. Therefore, database queries may be performed during view rendering. Explicitly configure spring.jpa.open-in-view to disable this warning
2023-05-13 00:09:32.957 INFO  [restartedMain] [o.s.b.a.w.s.WelcomePageHandlerMapping] - Adding welcome page: ServletContext resource [/index.html]
2023-05-13 00:09:33.674 INFO  [restartedMain] [o.s.b.d.a.OptionalLiveReloadServer] - LiveReload server is running on port 35729
2023-05-13 00:09:33.697 INFO  [restartedMain] [o.s.b.a.e.web.EndpointLinksResolver] - Exposing 16 endpoint(s) beneath base path '/actuator'
2023-05-13 00:09:33.803 INFO  [restartedMain] [o.s.m.s.b.SimpleBrokerMessageHandler] - Starting...
2023-05-13 00:09:33.803 INFO  [restartedMain] [o.s.m.s.b.SimpleBrokerMessageHandler] - BrokerAvailabilityEvent[available=true, SimpleBrokerMessageHandler [DefaultSubscriptionRegistry[cache[0 destination(s)], registry[0 sessions]]]]
2023-05-13 00:09:33.804 INFO  [restartedMain] [o.s.m.s.b.SimpleBrokerMessageHandler] - Started.
2023-05-13 00:09:33.811 INFO  [restartedMain] [o.s.s.concurrent.ThreadPoolTaskScheduler] - Initializing ExecutorService
2023-05-13 00:09:33.813 INFO  [restartedMain] [o.apache.coyote.http11.Http11NioProtocol] - Starting ProtocolHandler ["http-nio-10010"]
2023-05-13 00:09:33.866 INFO  [restartedMain] [o.s.b.w.embedded.tomcat.TomcatWebServer] - Tomcat started on port(s): 10010 (http) with context path ''
2023-05-13 00:09:33.873 INFO  [restartedMain] [com.pjy.dashboard.PjyApplication] - Started PjyApplication in 7.725 seconds (JVM running for 8.524)
2023-05-13 00:09:33.873 INFO  [restartedMain] [com.pjy.dashboard.AppStartedListener] - =====================
2023-05-13 00:09:33.873 INFO  [restartedMain] [com.pjy.dashboard.AppStartedListener] - Application started
2023-05-13 00:09:33.874 INFO  [restartedMain] [com.pjy.dashboard.AppStartedListener] - =====================
2023-05-13 00:09:34.827 INFO  [RMI TCP Connection(9)-127.0.0.1] [o.a.c.c.C.[Tomcat].[localhost].[/]] - Initializing Spring DispatcherServlet 'dispatcherServlet'
2023-05-13 00:09:34.827 INFO  [RMI TCP Connection(9)-127.0.0.1] [o.s.web.servlet.DispatcherServlet] - Initializing Servlet 'dispatcherServlet'
2023-05-13 00:09:34.841 INFO  [RMI TCP Connection(9)-127.0.0.1] [o.s.web.servlet.DispatcherServlet] - Completed initialization in 14 ms
2023-05-13 00:09:58.736 INFO  [http-nio-10010-exec-2] [c.p.dashboard.service.DynamicSqlService] - properties mtr.query.sql : SELECT a.* ,a.work_date||a.emp_nm||a.attendance_Type as key,rownum as id ,	b.ROUTE_NM ,b.SP_GB ,b.CAR_REGNO ,	b.EMP_NM || '/' || b.ROUTE_NM ||  '/' || b.sp_gb || '/' || b.car_regno as emp_info FROM TBM_DRIVER_Attendance_INFO a LEFT OUTER join TBL_DRIVERINFO b on 	a.COMPANY_NO  	= b.COMPANY_NO AND a.EMP_NM 		= b.EMP_NM where 	a.company_no = '100' AND 	a.work_date   between '2023-05-13' and '2023-05-13' and 	a.emp_nm like '%' AND 	a.attendance_Type  = decode ('휴가','All',a.attendance_Type,'휴가') order by a.work_date,a.emp_nm,a.attendance_type
2023-05-13 00:10:07.747 INFO  [http-nio-10010-exec-6] [c.p.dashboard.service.DynamicSqlService] - properties mtr.query.sql : SELECT a.* ,a.work_date||a.emp_nm||a.attendance_Type as key,rownum as id ,	b.ROUTE_NM ,b.SP_GB ,b.CAR_REGNO ,	b.EMP_NM || '/' || b.ROUTE_NM ||  '/' || b.sp_gb || '/' || b.car_regno as emp_info FROM TBM_DRIVER_Attendance_INFO a LEFT OUTER join TBL_DRIVERINFO b on 	a.COMPANY_NO  	= b.COMPANY_NO AND a.EMP_NM 		= b.EMP_NM where 	a.company_no = '100' AND 	a.work_date   between '2023-05-11' and '2023-05-13' and 	a.emp_nm like '%' AND 	a.attendance_Type  = decode ('휴가','All',a.attendance_Type,'휴가') order by a.work_date,a.emp_nm,a.attendance_type
2023-05-13 00:10:32.642 INFO  [MessageBroker-1] [o.s.w.s.c.WebSocketMessageBrokerStats] - WebSocketSession[0 current WS(0)-HttpStream(0)-HttpPoll(0), 0 total, 0 closed abnormally (0 connect failure, 0 send limit, 0 transport error)], stompSubProtocol[processed CONNECT(0)-CONNECTED(0)-DISCONNECT(0)], stompBrokerRelay[null], inboundChannel[pool size = 0, active threads = 0, queued tasks = 0, completed tasks = 0], outboundChannel[pool size = 0, active threads = 0, queued tasks = 0, completed tasks = 0], sockJsScheduler[pool size = 1, active threads = 1, queued tasks = 0, completed tasks = 0]
2023-05-13 15:50:52.092 INFO  [restartedMain] [com.pjy.dashboard.PjyApplication] - Starting PjyApplication on DESKTOP-3O1I9JM with PID 20960 (C:\BUS\multimodule-parent\dashboard\target\classes started by admin in C:\BUS\multimodule-parent\dashboard)
2023-05-13 15:50:52.098 INFO  [restartedMain] [com.pjy.dashboard.PjyApplication] - No active profile set, falling back to default profiles: default
2023-05-13 15:50:52.213 INFO  [restartedMain] [o.s.b.d.e.DevToolsPropertyDefaultsPostProcessor] - Devtools property defaults active! Set 'spring.devtools.add-properties' to 'false' to disable
2023-05-13 15:50:52.214 INFO  [restartedMain] [o.s.b.d.e.DevToolsPropertyDefaultsPostProcessor] - For additional web related logging consider setting the 'logging.level.web' property to 'DEBUG'
2023-05-13 15:50:56.975 INFO  [restartedMain] [o.s.d.r.c.RepositoryConfigurationDelegate] - Multiple Spring Data modules found, entering strict repository configuration mode!
2023-05-13 15:50:56.976 INFO  [restartedMain] [o.s.d.r.c.RepositoryConfigurationDelegate] - Bootstrapping Spring Data JPA repositories in DEFAULT mode.
2023-05-13 15:50:57.131 INFO  [restartedMain] [o.s.d.r.c.RepositoryConfigurationDelegate] - Finished Spring Data repository scanning in 134ms. Found 2 JPA repository interfaces.
2023-05-13 15:50:57.860 INFO  [restartedMain] [o.s.d.r.c.RepositoryConfigurationDelegate] - Multiple Spring Data modules found, entering strict repository configuration mode!
2023-05-13 15:50:57.861 INFO  [restartedMain] [o.s.d.r.c.RepositoryConfigurationDelegate] - Bootstrapping Spring Data JDBC repositories in DEFAULT mode.
2023-05-13 15:50:57.964 INFO  [restartedMain] [o.s.d.r.c.RepositoryConfigurationExtensionSupport] - Spring Data JDBC - Could not safely identify store assignment for repository candidate interface com.pjy.dashboard.core.dao.jpa.h2.MemberRepository. If you want this repository to be a JDBC repository, consider annotating your entities with one of these annotations: org.springframework.data.relational.core.mapping.Table.
2023-05-13 15:50:57.965 INFO  [restartedMain] [o.s.d.r.c.RepositoryConfigurationExtensionSupport] - Spring Data JDBC - Could not safely identify store assignment for repository candidate interface com.pjy.dashboard.core.dao.jpa.h2.RememberMeRepository. If you want this repository to be a JDBC repository, consider annotating your entities with one of these annotations: org.springframework.data.relational.core.mapping.Table.
2023-05-13 15:50:57.965 INFO  [restartedMain] [o.s.d.r.c.RepositoryConfigurationDelegate] - Finished Spring Data repository scanning in 104ms. Found 0 JDBC repository interfaces.
2023-05-13 15:50:58.787 INFO  [restartedMain] [c.u.j.c.EnableEncryptablePropertiesBeanFactoryPostProcessor] - Post-processing PropertySource instances
2023-05-13 15:50:58.920 INFO  [restartedMain] [c.u.j.EncryptablePropertySourceConverter] - Converting PropertySource configurationProperties [org.springframework.boot.context.properties.source.ConfigurationPropertySourcesPropertySource] to AOP Proxy
2023-05-13 15:50:58.921 INFO  [restartedMain] [c.u.j.EncryptablePropertySourceConverter] - Converting PropertySource commandLineArgs [org.springframework.core.env.SimpleCommandLinePropertySource] to EncryptableEnumerablePropertySourceWrapper
2023-05-13 15:50:58.921 INFO  [restartedMain] [c.u.j.EncryptablePropertySourceConverter] - Converting PropertySource servletConfigInitParams [org.springframework.core.env.PropertySource$StubPropertySource] to EncryptablePropertySourceWrapper
2023-05-13 15:50:58.921 INFO  [restartedMain] [c.u.j.EncryptablePropertySourceConverter] - Converting PropertySource servletContextInitParams [org.springframework.core.env.PropertySource$StubPropertySource] to EncryptablePropertySourceWrapper
2023-05-13 15:50:58.922 INFO  [restartedMain] [c.u.j.EncryptablePropertySourceConverter] - Converting PropertySource systemProperties [org.springframework.core.env.PropertiesPropertySource] to EncryptableMapPropertySourceWrapper
2023-05-13 15:50:58.922 INFO  [restartedMain] [c.u.j.EncryptablePropertySourceConverter] - Converting PropertySource systemEnvironment [org.springframework.boot.env.SystemEnvironmentPropertySourceEnvironmentPostProcessor$OriginAwareSystemEnvironmentPropertySource] to EncryptableSystemEnvironmentPropertySourceWrapper
2023-05-13 15:50:58.923 INFO  [restartedMain] [c.u.j.EncryptablePropertySourceConverter] - Converting PropertySource random [org.springframework.boot.env.RandomValuePropertySource] to EncryptablePropertySourceWrapper
2023-05-13 15:50:58.923 INFO  [restartedMain] [c.u.j.EncryptablePropertySourceConverter] - Converting PropertySource applicationConfig: [classpath:/application.properties] [org.springframework.boot.env.OriginTrackedMapPropertySource] to EncryptableMapPropertySourceWrapper
2023-05-13 15:50:58.924 INFO  [restartedMain] [c.u.j.EncryptablePropertySourceConverter] - Converting PropertySource devtools [org.springframework.core.env.MapPropertySource] to EncryptableMapPropertySourceWrapper
2023-05-13 15:50:58.924 INFO  [restartedMain] [c.u.j.EncryptablePropertySourceConverter] - Converting PropertySource class path resource [pjy.properties] [org.springframework.core.env.CompositePropertySource] to EncryptableEnumerablePropertySourceWrapper
2023-05-13 15:50:58.924 INFO  [restartedMain] [c.u.j.EncryptablePropertySourceConverter] - Converting PropertySource class path resource [common.properties] [org.springframework.core.io.support.ResourcePropertySource] to EncryptableMapPropertySourceWrapper
2023-05-13 15:50:59.067 INFO  [restartedMain] [o.s.c.s.PostProcessorRegistrationDelegate$BeanPostProcessorChecker] - Bean 'asyncConfiguration' of type [com.pjy.dashboard.configuration.AsyncConfiguration$$EnhancerBySpringCGLIB$$4642b44b] is not eligible for getting processed by all BeanPostProcessors (for example: not eligible for auto-proxying)
2023-05-13 15:50:59.165 INFO  [restartedMain] [c.u.j.filter.DefaultLazyPropertyFilter] - Property Filter custom Bean not found with name 'encryptablePropertyFilter'. Initializing Default Property Filter
2023-05-13 15:50:59.323 INFO  [restartedMain] [o.s.c.s.PostProcessorRegistrationDelegate$BeanPostProcessorChecker] - Bean 'org.springframework.security.config.annotation.configuration.ObjectPostProcessorConfiguration' of type [org.springframework.security.config.annotation.configuration.ObjectPostProcessorConfiguration$$EnhancerBySpringCGLIB$$30391878] is not eligible for getting processed by all BeanPostProcessors (for example: not eligible for auto-proxying)
2023-05-13 15:50:59.480 INFO  [restartedMain] [o.s.c.s.PostProcessorRegistrationDelegate$BeanPostProcessorChecker] - Bean 'objectPostProcessor' of type [org.springframework.security.config.annotation.configuration.AutowireBeanFactoryObjectPostProcessor] is not eligible for getting processed by all BeanPostProcessors (for example: not eligible for auto-proxying)
2023-05-13 15:50:59.484 INFO  [restartedMain] [o.s.c.s.PostProcessorRegistrationDelegate$BeanPostProcessorChecker] - Bean 'org.springframework.security.access.expression.method.DefaultMethodSecurityExpressionHandler@3705e06f' of type [org.springframework.security.access.expression.method.DefaultMethodSecurityExpressionHandler] is not eligible for getting processed by all BeanPostProcessors (for example: not eligible for auto-proxying)
2023-05-13 15:50:59.492 INFO  [restartedMain] [o.s.c.s.PostProcessorRegistrationDelegate$BeanPostProcessorChecker] - Bean 'org.springframework.security.config.annotation.method.configuration.GlobalMethodSecurityConfiguration' of type [org.springframework.security.config.annotation.method.configuration.GlobalMethodSecurityConfiguration$$EnhancerBySpringCGLIB$$550dbb2a] is not eligible for getting processed by all BeanPostProcessors (for example: not eligible for auto-proxying)
2023-05-13 15:50:59.501 INFO  [restartedMain] [o.s.c.s.PostProcessorRegistrationDelegate$BeanPostProcessorChecker] - Bean 'methodSecurityMetadataSource' of type [org.springframework.security.access.method.DelegatingMethodSecurityMetadataSource] is not eligible for getting processed by all BeanPostProcessors (for example: not eligible for auto-proxying)
2023-05-13 15:50:59.536 INFO  [restartedMain] [o.s.c.s.PostProcessorRegistrationDelegate$BeanPostProcessorChecker] - Bean 'org.springframework.transaction.annotation.ProxyTransactionManagementConfiguration' of type [org.springframework.transaction.annotation.ProxyTransactionManagementConfiguration$$EnhancerBySpringCGLIB$$978b503e] is not eligible for getting processed by all BeanPostProcessors (for example: not eligible for auto-proxying)
2023-05-13 15:50:59.577 INFO  [restartedMain] [o.s.c.s.PostProcessorRegistrationDelegate$BeanPostProcessorChecker] - Bean 'org.springframework.hateoas.config.HateoasConfiguration' of type [org.springframework.hateoas.config.HateoasConfiguration$$EnhancerBySpringCGLIB$$170b9d70] is not eligible for getting processed by all BeanPostProcessors (for example: not eligible for auto-proxying)
2023-05-13 15:50:59.785 INFO  [restartedMain] [c.u.j.r.DefaultLazyPropertyResolver] - Property Resolver custom Bean not found with name 'encryptablePropertyResolver'. Initializing Default Property Resolver
2023-05-13 15:50:59.791 INFO  [restartedMain] [c.u.j.d.DefaultLazyPropertyDetector] - Property Detector custom Bean not found with name 'encryptablePropertyDetector'. Initializing Default Property Detector
2023-05-13 15:51:00.528 INFO  [restartedMain] [o.s.b.w.embedded.tomcat.TomcatWebServer] - Tomcat initialized with port(s): 10010 (http)
2023-05-13 15:51:00.577 INFO  [restartedMain] [o.apache.coyote.http11.Http11NioProtocol] - Initializing ProtocolHandler ["http-nio-10010"]
2023-05-13 15:51:00.613 INFO  [restartedMain] [org.apache.catalina.core.StandardService] - Starting service [Tomcat]
2023-05-13 15:51:00.613 INFO  [restartedMain] [org.apache.catalina.core.StandardEngine] - Starting Servlet engine: [Apache Tomcat/9.0.29]
2023-05-13 15:51:01.599 INFO  [restartedMain] [org.apache.jasper.servlet.TldScanner] - At least one JAR was scanned for TLDs yet contained no TLDs. Enable debug logging for this logger for a complete list of JARs that were scanned but no TLDs were found in them. Skipping unneeded JARs during scanning can improve startup time and JSP compilation time.
2023-05-13 15:51:01.614 INFO  [restartedMain] [o.a.c.c.C.[Tomcat].[localhost].[/]] - Initializing Spring embedded WebApplicationContext
2023-05-13 15:51:01.615 INFO  [restartedMain] [o.s.web.context.ContextLoader] - Root WebApplicationContext: initialization completed in 9401 ms
2023-05-13 15:51:03.072 INFO  [restartedMain] [c.u.j.encryptor.DefaultLazyEncryptor] - Found Custom Encryptor Bean org.jasypt.encryption.pbe.PooledPBEStringEncryptor@fd9b60d with name: jasyptStringEncryptor
2023-05-13 15:51:03.145 INFO  [restartedMain] [com.zaxxer.hikari.HikariDataSource] - H2 - Starting...
2023-05-13 15:51:13.205 INFO  [restartedMain] [com.zaxxer.hikari.HikariDataSource] - H2 - Start completed.
2023-05-13 15:51:14.472 INFO  [restartedMain] [com.pjy.dashboard.filter.TestFilter] - init Pjy Filter
2023-05-13 15:51:15.552 INFO  [restartedMain] [o.hibernate.jpa.internal.util.LogHelper] - HHH000204: Processing PersistenceUnitInfo [
	name: default
	...]
2023-05-13 15:51:15.709 INFO  [restartedMain] [org.hibernate.Version] - HHH000412: Hibernate Core {5.3.14.Final}
2023-05-13 15:51:15.711 INFO  [restartedMain] [org.hibernate.cfg.Environment] - HHH000206: hibernate.properties not found
2023-05-13 15:51:16.033 INFO  [restartedMain] [org.hibernate.annotations.common.Version] - HCANN000001: Hibernate Commons Annotations {5.0.4.Final}
2023-05-13 15:51:16.586 INFO  [restartedMain] [org.hibernate.dialect.Dialect] - HHH000400: Using dialect: org.hibernate.dialect.H2Dialect
2023-05-13 15:51:18.227 INFO  [restartedMain] [o.s.o.j.LocalContainerEntityManagerFactoryBean] - Initialized JPA EntityManagerFactory for persistence unit 'default'
2023-05-13 15:51:18.668 INFO  [restartedMain] [o.h.h.i.QueryTranslatorFactoryInitiator] - HHH000397: Using ASTQueryTranslatorFactory
2023-05-13 15:51:19.112 INFO  [restartedMain] [o.s.s.concurrent.ThreadPoolTaskExecutor] - Initializing ExecutorService 'clientInboundChannelExecutor'
2023-05-13 15:51:19.148 INFO  [restartedMain] [o.s.s.concurrent.ThreadPoolTaskExecutor] - Initializing ExecutorService 'clientOutboundChannelExecutor'
2023-05-13 15:51:20.373 INFO  [restartedMain] [o.s.s.concurrent.ThreadPoolTaskExecutor] - Initializing ExecutorService
2023-05-13 15:51:20.373 INFO  [restartedMain] [o.s.s.concurrent.ThreadPoolTaskExecutor] - Initializing ExecutorService 'asyncThreadPool'
2023-05-13 15:51:20.715 INFO  [restartedMain] [o.s.s.web.DefaultSecurityFilterChain] - Creating filter chain: Ant [pattern='/css/**'], []
2023-05-13 15:51:20.715 INFO  [restartedMain] [o.s.s.web.DefaultSecurityFilterChain] - Creating filter chain: Ant [pattern='/js/**'], []
2023-05-13 15:51:20.716 INFO  [restartedMain] [o.s.s.web.DefaultSecurityFilterChain] - Creating filter chain: Ant [pattern='/img/**'], []
2023-05-13 15:51:20.716 INFO  [restartedMain] [o.s.s.web.DefaultSecurityFilterChain] - Creating filter chain: Ant [pattern='/lib/**'], []
2023-05-13 15:51:20.716 INFO  [restartedMain] [o.s.s.web.DefaultSecurityFilterChain] - Creating filter chain: Ant [pattern='/main.css'], []
2023-05-13 15:51:21.024 INFO  [restartedMain] [o.s.s.web.DefaultSecurityFilterChain] - Creating filter chain: any request, [org.springframework.security.web.context.request.async.WebAsyncManagerIntegrationFilter@1508f6d8, org.springframework.security.web.context.SecurityContextPersistenceFilter@22702fd7, org.springframework.security.web.header.HeaderWriterFilter@5fecfc1f, org.springframework.web.filter.CorsFilter@3a0fc548, org.springframework.security.web.authentication.logout.LogoutFilter@63eb8fd2, org.springframework.security.web.authentication.UsernamePasswordAuthenticationFilter@84f6298, org.springframework.security.web.session.ConcurrentSessionFilter@6c133bed, org.springframework.security.web.authentication.www.BasicAuthenticationFilter@62cfb054, org.springframework.security.web.savedrequest.RequestCacheAwareFilter@4f5dec48, org.springframework.security.web.servletapi.SecurityContextHolderAwareRequestFilter@7b1fedd5, org.springframework.security.web.authentication.AnonymousAuthenticationFilter@a169d44, org.springframework.security.web.session.SessionManagementFilter@e2418ad, org.springframework.security.web.access.ExceptionTranslationFilter@3509b081, org.springframework.security.web.access.intercept.FilterSecurityInterceptor@358b0696]
2023-05-13 15:51:21.045 INFO  [restartedMain] [o.s.aop.framework.CglibAopProxy] - Unable to proxy interface-implementing method [public final void org.springframework.web.filter.GenericFilterBean.init(javax.servlet.FilterConfig) throws javax.servlet.ServletException] because it is marked as final: Consider using interface-based JDK proxies instead!
2023-05-13 15:51:21.116 INFO  [restartedMain] [o.s.s.concurrent.ThreadPoolTaskScheduler] - Initializing ExecutorService 'messageBrokerTaskScheduler'
2023-05-13 15:51:21.202 INFO  [restartedMain] [o.s.s.concurrent.ThreadPoolTaskExecutor] - Initializing ExecutorService 'brokerChannelExecutor'
2023-05-13 15:51:21.819 WARN  [restartedMain] [o.s.b.a.o.j.JpaBaseConfiguration$JpaWebConfiguration$JpaWebMvcConfiguration] - spring.jpa.open-in-view is enabled by default. Therefore, database queries may be performed during view rendering. Explicitly configure spring.jpa.open-in-view to disable this warning
2023-05-13 15:51:21.925 INFO  [restartedMain] [o.s.b.a.w.s.WelcomePageHandlerMapping] - Adding welcome page: ServletContext resource [/index.html]
2023-05-13 15:51:23.682 INFO  [restartedMain] [o.s.b.d.a.OptionalLiveReloadServer] - LiveReload server is running on port 35729
2023-05-13 15:51:23.732 INFO  [restartedMain] [o.s.b.a.e.web.EndpointLinksResolver] - Exposing 16 endpoint(s) beneath base path '/actuator'
2023-05-13 15:51:23.949 INFO  [restartedMain] [o.s.m.s.b.SimpleBrokerMessageHandler] - Starting...
2023-05-13 15:51:23.950 INFO  [restartedMain] [o.s.m.s.b.SimpleBrokerMessageHandler] - BrokerAvailabilityEvent[available=true, SimpleBrokerMessageHandler [DefaultSubscriptionRegistry[cache[0 destination(s)], registry[0 sessions]]]]
2023-05-13 15:51:23.951 INFO  [restartedMain] [o.s.m.s.b.SimpleBrokerMessageHandler] - Started.
2023-05-13 15:51:23.971 INFO  [restartedMain] [o.s.s.concurrent.ThreadPoolTaskScheduler] - Initializing ExecutorService
2023-05-13 15:51:23.975 INFO  [restartedMain] [o.apache.coyote.http11.Http11NioProtocol] - Starting ProtocolHandler ["http-nio-10010"]
2023-05-13 15:51:24.066 INFO  [restartedMain] [o.s.b.w.embedded.tomcat.TomcatWebServer] - Tomcat started on port(s): 10010 (http) with context path ''
2023-05-13 15:51:24.076 INFO  [restartedMain] [com.pjy.dashboard.PjyApplication] - Started PjyApplication in 32.783 seconds (JVM running for 34.982)
2023-05-13 15:51:24.077 INFO  [restartedMain] [com.pjy.dashboard.AppStartedListener] - =====================
2023-05-13 15:51:24.077 INFO  [restartedMain] [com.pjy.dashboard.AppStartedListener] - Application started
2023-05-13 15:51:24.077 INFO  [restartedMain] [com.pjy.dashboard.AppStartedListener] - =====================
2023-05-13 15:51:25.490 INFO  [RMI TCP Connection(10)-127.0.0.1] [o.a.c.c.C.[Tomcat].[localhost].[/]] - Initializing Spring DispatcherServlet 'dispatcherServlet'
2023-05-13 15:51:25.490 INFO  [RMI TCP Connection(10)-127.0.0.1] [o.s.web.servlet.DispatcherServlet] - Initializing Servlet 'dispatcherServlet'
2023-05-13 15:51:25.522 INFO  [RMI TCP Connection(10)-127.0.0.1] [o.s.web.servlet.DispatcherServlet] - Completed initialization in 32 ms
2023-05-13 15:52:21.204 INFO  [MessageBroker-1] [o.s.w.s.c.WebSocketMessageBrokerStats] - WebSocketSession[0 current WS(0)-HttpStream(0)-HttpPoll(0), 0 total, 0 closed abnormally (0 connect failure, 0 send limit, 0 transport error)], stompSubProtocol[processed CONNECT(0)-CONNECTED(0)-DISCONNECT(0)], stompBrokerRelay[null], inboundChannel[pool size = 0, active threads = 0, queued tasks = 0, completed tasks = 0], outboundChannel[pool size = 0, active threads = 0, queued tasks = 0, completed tasks = 0], sockJsScheduler[pool size = 1, active threads = 1, queued tasks = 0, completed tasks = 0]
2023-05-13 15:55:09.071 WARN  [http-nio-10010-exec-1] [o.a.catalina.util.SessionIdGeneratorBase] - Creation of SecureRandom instance for session ID generation using [SHA1PRNG] took [138] milliseconds.
2023-05-13 15:55:09.178 INFO  [http-nio-10010-exec-5] [c.p.d.interceptor.LoggerInterceptor] - ============================== START ==============================
2023-05-13 15:55:09.179 INFO  [http-nio-10010-exec-5] [c.p.d.interceptor.LoggerInterceptor] -  Class       	:  class org.springframework.web.method.HandlerMethod
2023-05-13 15:55:09.179 INFO  [http-nio-10010-exec-3] [c.p.d.interceptor.LoggerInterceptor] - ============================== START ==============================
2023-05-13 15:55:09.179 INFO  [http-nio-10010-exec-5] [c.p.d.interceptor.LoggerInterceptor] -  Request URI 	:  /error
2023-05-13 15:55:09.179 INFO  [http-nio-10010-exec-3] [c.p.d.interceptor.LoggerInterceptor] -  Class       	:  class org.springframework.web.method.HandlerMethod
2023-05-13 15:55:09.179 INFO  [http-nio-10010-exec-5] [c.p.d.interceptor.LoggerInterceptor] -  Request addr	:  0:0:0:0:0:0:0:1
2023-05-13 15:55:09.179 INFO  [http-nio-10010-exec-3] [c.p.d.interceptor.LoggerInterceptor] -  Request URI 	:  /error
2023-05-13 15:55:09.179 INFO  [http-nio-10010-exec-5] [c.p.d.interceptor.LoggerInterceptor] -  Servlet URI 	:  /error
2023-05-13 15:55:09.179 INFO  [http-nio-10010-exec-3] [c.p.d.interceptor.LoggerInterceptor] -  Request addr	:  0:0:0:0:0:0:0:1
2023-05-13 15:55:09.179 INFO  [http-nio-10010-exec-3] [c.p.d.interceptor.LoggerInterceptor] -  Servlet URI 	:  /error
2023-05-13 15:55:12.656 INFO  [http-nio-10010-exec-7] [c.p.dashboard.service.MemberServiceImpl] - ROLE_ADMIN
2023-05-13 15:55:12.815 INFO  [http-nio-10010-exec-7] [c.p.dashboard.service.MemberServiceImpl] - pass:$2a$10$CTwZxgw0BdNI4yyZlrKoHON.x5POecQ2dumukPnejcuE8wPUxIzEq,$2a$10$P3z6P3zKzj2Z9bxQvY0PTOCTsBaYfKAoZ2KtzPerkPZyFtE1ARj4e
2023-05-13 15:55:12.973 INFO  [http-nio-10010-exec-7] [c.p.d.configuration.SecurityConfig] - authentication:: p00139
2023-05-13 15:55:13.005 INFO  [UserConnection-1] [com.pjy.dashboard.service.ChatService] - # sise thread start : [p00139]
2023-05-13 15:55:13.005 INFO  [UserConnection-1] [com.pjy.dashboard.service.ChatService] - # sise threaditemList = null 
2023-05-13 16:22:21.200 INFO  [MessageBroker-1] [o.s.w.s.c.WebSocketMessageBrokerStats] - WebSocketSession[0 current WS(0)-HttpStream(0)-HttpPoll(0), 0 total, 0 closed abnormally (0 connect failure, 0 send limit, 0 transport error)], stompSubProtocol[processed CONNECT(0)-CONNECTED(0)-DISCONNECT(0)], stompBrokerRelay[null], inboundChannel[pool size = 0, active threads = 0, queued tasks = 0, completed tasks = 0], outboundChannel[pool size = 0, active threads = 0, queued tasks = 0, completed tasks = 0], sockJsScheduler[pool size = 2, active threads = 1, queued tasks = 0, completed tasks = 1]
2023-05-13 23:12:36.513 INFO  [Catalina-utility-2] [c.pjy.dashboard.listener.SessionListener] - updateUserCloseTime p00139 
2023-05-13 23:12:36.515 INFO  [Catalina-utility-2] [c.pjy.dashboard.listener.SessionListener] - currentSessionUserList ->  false
2023-05-13 23:12:36.515 INFO  [Catalina-utility-2] [c.pjy.dashboard.listener.SessionListener] - updateUserCloseTime p00139 
2023-05-13 23:12:36.515 INFO  [Catalina-utility-2] [c.pjy.dashboard.listener.SessionListener] - currentSessionUserList ->  false
2023-05-13 23:12:36.590 INFO  [UserConnection-1] [com.pjy.dashboard.service.ChatService] - # sise thread stop # 사용자접속정보 없음
2023-05-13 23:12:36.590 INFO  [UserConnection-1] [com.pjy.dashboard.service.ChatService] - ## thread end sise . UserConnection-1[85]
2023-05-13 23:12:40.704 WARN  [H2 housekeeper] [com.zaxxer.hikari.pool.HikariPool] - H2 - Thread starvation or clock leap detected (housekeeper delta=6h50m1s785ms346µs500ns).
2023-05-13 23:13:45.763 INFO  [http-nio-10010-exec-5] [c.p.d.interceptor.LoggerInterceptor] - ============================== START ==============================
2023-05-13 23:13:45.763 INFO  [http-nio-10010-exec-9] [c.p.d.interceptor.LoggerInterceptor] - ============================== START ==============================
2023-05-13 23:13:45.763 INFO  [http-nio-10010-exec-5] [c.p.d.interceptor.LoggerInterceptor] -  Class       	:  class org.springframework.web.method.HandlerMethod
2023-05-13 23:13:45.763 INFO  [http-nio-10010-exec-9] [c.p.d.interceptor.LoggerInterceptor] -  Class       	:  class org.springframework.web.method.HandlerMethod
2023-05-13 23:13:45.763 INFO  [http-nio-10010-exec-5] [c.p.d.interceptor.LoggerInterceptor] -  Request URI 	:  /error
2023-05-13 23:13:45.763 INFO  [http-nio-10010-exec-9] [c.p.d.interceptor.LoggerInterceptor] -  Request URI 	:  /error
2023-05-13 23:13:45.763 INFO  [http-nio-10010-exec-5] [c.p.d.interceptor.LoggerInterceptor] -  Request addr	:  0:0:0:0:0:0:0:1
2023-05-13 23:13:45.763 INFO  [http-nio-10010-exec-9] [c.p.d.interceptor.LoggerInterceptor] -  Request addr	:  0:0:0:0:0:0:0:1
2023-05-13 23:13:45.763 INFO  [http-nio-10010-exec-9] [c.p.d.interceptor.LoggerInterceptor] -  Servlet URI 	:  /error
2023-05-13 23:13:45.763 INFO  [http-nio-10010-exec-5] [c.p.d.interceptor.LoggerInterceptor] -  Servlet URI 	:  /error
2023-05-13 23:13:48.243 INFO  [http-nio-10010-exec-10] [c.p.dashboard.service.MemberServiceImpl] - ROLE_ADMIN
2023-05-13 23:13:48.306 INFO  [http-nio-10010-exec-10] [c.p.dashboard.service.MemberServiceImpl] - pass:$2a$10$CTwZxgw0BdNI4yyZlrKoHON.x5POecQ2dumukPnejcuE8wPUxIzEq,$2a$10$env9SDbCBFdbb/i5ekz7KuTg/yCY7VqLEZDhXY.dnRhxrbHByybFG
2023-05-13 23:13:48.368 INFO  [http-nio-10010-exec-10] [c.p.d.configuration.SecurityConfig] - authentication:: p00139
2023-05-13 23:13:48.369 INFO  [UserConnection-2] [com.pjy.dashboard.service.ChatService] - # sise thread start : [p00139]
2023-05-13 23:13:48.369 INFO  [UserConnection-2] [com.pjy.dashboard.service.ChatService] - # sise threaditemList = null 
2023-05-13 23:41:48.134 INFO  [MessageBroker-2] [o.s.w.s.c.WebSocketMessageBrokerStats] - WebSocketSession[0 current WS(0)-HttpStream(0)-HttpPoll(0), 0 total, 0 closed abnormally (0 connect failure, 0 send limit, 0 transport error)], stompSubProtocol[processed CONNECT(0)-CONNECTED(0)-DISCONNECT(0)], stompBrokerRelay[null], inboundChannel[pool size = 0, active threads = 0, queued tasks = 0, completed tasks = 0], outboundChannel[pool size = 0, active threads = 0, queued tasks = 0, completed tasks = 0], sockJsScheduler[pool size = 3, active threads = 1, queued tasks = 0, completed tasks = 2]
2023-05-13 23:41:48.134 INFO  [MessageBroker-1] [o.s.w.s.c.WebSocketMessageBrokerStats] - WebSocketSession[0 current WS(0)-HttpStream(0)-HttpPoll(0), 0 total, 0 closed abnormally (0 connect failure, 0 send limit, 0 transport error)], stompSubProtocol[processed CONNECT(0)-CONNECTED(0)-DISCONNECT(0)], stompBrokerRelay[null], inboundChannel[pool size = 0, active threads = 0, queued tasks = 0, completed tasks = 0], outboundChannel[pool size = 0, active threads = 0, queued tasks = 0, completed tasks = 0], sockJsScheduler[pool size = 4, active threads = 3, queued tasks = 0, completed tasks = 2]
2023-05-13 23:41:48.134 INFO  [MessageBroker-3] [o.s.w.s.c.WebSocketMessageBrokerStats] - WebSocketSession[0 current WS(0)-HttpStream(0)-HttpPoll(0), 0 total, 0 closed abnormally (0 connect failure, 0 send limit, 0 transport error)], stompSubProtocol[processed CONNECT(0)-CONNECTED(0)-DISCONNECT(0)], stompBrokerRelay[null], inboundChannel[pool size = 0, active threads = 0, queued tasks = 0, completed tasks = 0], outboundChannel[pool size = 0, active threads = 0, queued tasks = 0, completed tasks = 0], sockJsScheduler[pool size = 5, active threads = 4, queued tasks = 0, completed tasks = 3]
2023-05-13 23:41:48.134 INFO  [MessageBroker-2] [o.s.w.s.c.WebSocketMessageBrokerStats] - WebSocketSession[0 current WS(0)-HttpStream(0)-HttpPoll(0), 0 total, 0 closed abnormally (0 connect failure, 0 send limit, 0 transport error)], stompSubProtocol[processed CONNECT(0)-CONNECTED(0)-DISCONNECT(0)], stompBrokerRelay[null], inboundChannel[pool size = 0, active threads = 0, queued tasks = 0, completed tasks = 0], outboundChannel[pool size = 0, active threads = 0, queued tasks = 0, completed tasks = 0], sockJsScheduler[pool size = 6, active threads = 5, queued tasks = 0, completed tasks = 4]
2023-05-13 23:41:48.135 INFO  [MessageBroker-1] [o.s.w.s.c.WebSocketMessageBrokerStats] - WebSocketSession[0 current WS(0)-HttpStream(0)-HttpPoll(0), 0 total, 0 closed abnormally (0 connect failure, 0 send limit, 0 transport error)], stompSubProtocol[processed CONNECT(0)-CONNECTED(0)-DISCONNECT(0)], stompBrokerRelay[null], inboundChannel[pool size = 0, active threads = 0, queued tasks = 0, completed tasks = 0], outboundChannel[pool size = 0, active threads = 0, queued tasks = 0, completed tasks = 0], sockJsScheduler[pool size = 7, active threads = 4, queued tasks = 0, completed tasks = 5]
2023-05-13 23:41:48.135 INFO  [MessageBroker-4] [o.s.w.s.c.WebSocketMessageBrokerStats] - WebSocketSession[0 current WS(0)-HttpStream(0)-HttpPoll(0), 0 total, 0 closed abnormally (0 connect failure, 0 send limit, 0 transport error)], stompSubProtocol[processed CONNECT(0)-CONNECTED(0)-DISCONNECT(0)], stompBrokerRelay[null], inboundChannel[pool size = 0, active threads = 0, queued tasks = 0, completed tasks = 0], outboundChannel[pool size = 0, active threads = 0, queued tasks = 0, completed tasks = 0], sockJsScheduler[pool size = 8, active threads = 4, queued tasks = 0, completed tasks = 6]
2023-05-13 23:41:48.135 INFO  [MessageBroker-3] [o.s.w.s.c.WebSocketMessageBrokerStats] - WebSocketSession[0 current WS(0)-HttpStream(0)-HttpPoll(0), 0 total, 0 closed abnormally (0 connect failure, 0 send limit, 0 transport error)], stompSubProtocol[processed CONNECT(0)-CONNECTED(0)-DISCONNECT(0)], stompBrokerRelay[null], inboundChannel[pool size = 0, active threads = 0, queued tasks = 0, completed tasks = 0], outboundChannel[pool size = 0, active threads = 0, queued tasks = 0, completed tasks = 0], sockJsScheduler[pool size = 9, active threads = 4, queued tasks = 0, completed tasks = 7]
2023-05-13 23:41:48.135 INFO  [MessageBroker-5] [o.s.w.s.c.WebSocketMessageBrokerStats] - WebSocketSession[0 current WS(0)-HttpStream(0)-HttpPoll(0), 0 total, 0 closed abnormally (0 connect failure, 0 send limit, 0 transport error)], stompSubProtocol[processed CONNECT(0)-CONNECTED(0)-DISCONNECT(0)], stompBrokerRelay[null], inboundChannel[pool size = 0, active threads = 0, queued tasks = 0, completed tasks = 0], outboundChannel[pool size = 0, active threads = 0, queued tasks = 0, completed tasks = 0], sockJsScheduler[pool size = 10, active threads = 5, queued tasks = 0, completed tasks = 7]
2023-05-13 23:41:48.135 INFO  [MessageBroker-4] [o.s.w.s.c.WebSocketMessageBrokerStats] - WebSocketSession[0 current WS(0)-HttpStream(0)-HttpPoll(0), 0 total, 0 closed abnormally (0 connect failure, 0 send limit, 0 transport error)], stompSubProtocol[processed CONNECT(0)-CONNECTED(0)-DISCONNECT(0)], stompBrokerRelay[null], inboundChannel[pool size = 0, active threads = 0, queued tasks = 0, completed tasks = 0], outboundChannel[pool size = 0, active threads = 0, queued tasks = 0, completed tasks = 0], sockJsScheduler[pool size = 11, active threads = 6, queued tasks = 0, completed tasks = 8]
2023-05-13 23:41:48.135 INFO  [MessageBroker-2] [o.s.w.s.c.WebSocketMessageBrokerStats] - WebSocketSession[0 current WS(0)-HttpStream(0)-HttpPoll(0), 0 total, 0 closed abnormally (0 connect failure, 0 send limit, 0 transport error)], stompSubProtocol[processed CONNECT(0)-CONNECTED(0)-DISCONNECT(0)], stompBrokerRelay[null], inboundChannel[pool size = 0, active threads = 0, queued tasks = 0, completed tasks = 0], outboundChannel[pool size = 0, active threads = 0, queued tasks = 0, completed tasks = 0], sockJsScheduler[pool size = 12, active threads = 6, queued tasks = 0, completed tasks = 9]
2023-05-13 23:41:48.135 INFO  [MessageBroker-4] [o.s.w.s.c.WebSocketMessageBrokerStats] - WebSocketSession[0 current WS(0)-HttpStream(0)-HttpPoll(0), 0 total, 0 closed abnormally (0 connect failure, 0 send limit, 0 transport error)], stompSubProtocol[processed CONNECT(0)-CONNECTED(0)-DISCONNECT(0)], stompBrokerRelay[null], inboundChannel[pool size = 0, active threads = 0, queued tasks = 0, completed tasks = 0], outboundChannel[pool size = 0, active threads = 0, queued tasks = 0, completed tasks = 0], sockJsScheduler[pool size = 12, active threads = 5, queued tasks = 0, completed tasks = 11]
2023-05-13 23:41:48.136 INFO  [MessageBroker-10] [o.s.w.s.c.WebSocketMessageBrokerStats] - WebSocketSession[0 current WS(0)-HttpStream(0)-HttpPoll(0), 0 total, 0 closed abnormally (0 connect failure, 0 send limit, 0 transport error)], stompSubProtocol[processed CONNECT(0)-CONNECTED(0)-DISCONNECT(0)], stompBrokerRelay[null], inboundChannel[pool size = 0, active threads = 0, queued tasks = 0, completed tasks = 0], outboundChannel[pool size = 0, active threads = 0, queued tasks = 0, completed tasks = 0], sockJsScheduler[pool size = 14, active threads = 4, queued tasks = 0, completed tasks = 12]
2023-05-13 23:41:48.136 INFO  [MessageBroker-8] [o.s.w.s.c.WebSocketMessageBrokerStats] - WebSocketSession[0 current WS(0)-HttpStream(0)-HttpPoll(0), 0 total, 0 closed abnormally (0 connect failure, 0 send limit, 0 transport error)], stompSubProtocol[processed CONNECT(0)-CONNECTED(0)-DISCONNECT(0)], stompBrokerRelay[null], inboundChannel[pool size = 0, active threads = 0, queued tasks = 0, completed tasks = 0], outboundChannel[pool size = 0, active threads = 0, queued tasks = 0, completed tasks = 0], sockJsScheduler[pool size = 15, active threads = 4, queued tasks = 0, completed tasks = 13]
2023-05-13 23:41:48.136 INFO  [MessageBroker-6] [o.s.w.s.c.WebSocketMessageBrokerStats] - WebSocketSession[0 current WS(0)-HttpStream(0)-HttpPoll(0), 0 total, 0 closed abnormally (0 connect failure, 0 send limit, 0 transport error)], stompSubProtocol[processed CONNECT(0)-CONNECTED(0)-DISCONNECT(0)], stompBrokerRelay[null], inboundChannel[pool size = 0, active threads = 0, queued tasks = 0, completed tasks = 0], outboundChannel[pool size = 0, active threads = 0, queued tasks = 0, completed tasks = 0], sockJsScheduler[pool size = 16, active threads = 4, queued tasks = 0, completed tasks = 14]
2023-05-13 23:52:16.357 INFO  [MessageBroker-6] [o.s.w.s.c.WebSocketMessageBrokerStats] - WebSocketSession[0 current WS(0)-HttpStream(0)-HttpPoll(0), 0 total, 0 closed abnormally (0 connect failure, 0 send limit, 0 transport error)], stompSubProtocol[processed CONNECT(0)-CONNECTED(0)-DISCONNECT(0)], stompBrokerRelay[null], inboundChannel[pool size = 0, active threads = 0, queued tasks = 0, completed tasks = 0], outboundChannel[pool size = 0, active threads = 0, queued tasks = 0, completed tasks = 0], sockJsScheduler[pool size = 16, active threads = 1, queued tasks = 0, completed tasks = 16]
